<?xml version="1.0" encoding="UTF-8"?>
<testng-results ignored="0" total="1" passed="1" failed="0" skipped="0">
  <reporter-output>
  </reporter-output>
  <suite started-at="2025-01-24T22:33:27 IST" name="Default suite" finished-at="2025-01-24T22:33:32 IST" duration-ms="5652">
    <groups>
      <group name="cucumber">
        <method signature="AbstractTestNGCucumberTests.runScenario(io.cucumber.testng.PickleWrapper,io.cucumber.testng.FeatureWrapper)[pri:0, instance:runner.TestRunner@4e08711f]" name="runScenario" class="io.cucumber.testng.AbstractTestNGCucumberTests"/>
      </group> <!-- cucumber -->
    </groups>
    <test started-at="2025-01-24T22:33:27 IST" name="Default test" finished-at="2025-01-24T22:33:32 IST" duration-ms="5652">
      <class name="runner.TestRunner">
        <test-method is-config="true" signature="setUpClass(org.testng.ITestContext)[pri:0, instance:runner.TestRunner@4e08711f]" started-at="2025-01-24T22:33:27 IST" name="setUpClass" finished-at="2025-01-24T22:33:27 IST" duration-ms="570" status="PASS">
          <params>
            <param index="0">
              <value>
                <![CDATA[org.testng.TestRunner@5e62ca19]]>
              </value>
            </param>
          </params>
          <reporter-output>
          </reporter-output>
        </test-method> <!-- setUpClass -->
        <test-method signature="runScenario(io.cucumber.testng.PickleWrapper,io.cucumber.testng.FeatureWrapper)[pri:0, instance:runner.TestRunner@4e08711f]" started-at="2025-01-24T22:33:27 IST" name="runScenario" description="Runs Cucumber Scenarios" data-provider="scenarios" finished-at="2025-01-24T22:33:31 IST" duration-ms="3882" status="PASS">
          <params>
            <param index="0">
              <value>
                <![CDATA["Validate the get response from API"]]>
              </value>
            </param>
            <param index="1">
              <value>
                <![CDATA["Verify eBay"]]>
              </value>
            </param>
          </params>
          <reporter-output>
          </reporter-output>
        </test-method> <!-- runScenario -->
        <test-method is-config="true" signature="tearDownClass()[pri:0, instance:runner.TestRunner@4e08711f]" started-at="2025-01-24T22:33:31 IST" name="tearDownClass" finished-at="2025-01-24T22:33:32 IST" duration-ms="1164" status="PASS">
          <reporter-output>
          </reporter-output>
        </test-method> <!-- tearDownClass -->
      </class> <!-- runner.TestRunner -->
    </test> <!-- Default test -->
  </suite> <!-- Default suite -->
</testng-results>
